16:35:24 **** Build of configuration Nios II for project MOD_socket_server ****
make all 
Info: Building ../MOD_socket_server_bsp/
make --no-print-directory -C ../MOD_socket_server_bsp/
[BSP build complete]
Info: Compiling ClockModInit.c to obj/default/ClockModInit.o
nios2-elf-gcc -xc -MP -MMD -c -I../MOD_socket_server_bsp//drivers/inc -I../MOD_socket_server_bsp//drivers/inc/iniche -I../MOD_socket_server_bsp//iniche/inc -I../MOD_socket_server_bsp//iniche/src/h -I../MOD_socket_server_bsp//iniche/src/h/nios2 -I../MOD_socket_server_bsp//iniche/src/nios2 -I../MOD_socket_server_bsp//UCOSII/inc -I../MOD_socket_server_bsp//HAL/inc -I../MOD_socket_server_bsp/ -I../MOD_socket_server_bsp//drivers/inc -I../MOD_socket_server_bsp  -pipe -D__hal__ -DALT_NO_INSTRUCTION_EMULATION -DALTERA_TRIPLE_SPEED_MAC -DALT_INICHE -D__ucosii__ -DALTERA_AUTONEG_TIMEOUT_THRESHOLD=2500 -DALTERA_CHECKLINK_TIMEOUT_THRESHOLD=10000 -DALTERA_NOMDIO_TIMEOUT_THRESHOLD=1000000    -O0 -g -Wall   -mno-hw-div -mhw-mul -mno-hw-mulx -mgpopt=global  -o obj/default/ClockModInit.o ClockModInit.c
Info: Compiling DELHProtocol.c to obj/default/DELHProtocol.o
nios2-elf-gcc -xc -MP -MMD -c -I../MOD_socket_server_bsp//drivers/inc -I../MOD_socket_server_bsp//drivers/inc/iniche -I../MOD_socket_server_bsp//iniche/inc -I../MOD_socket_server_bsp//iniche/src/h -I../MOD_socket_server_bsp//iniche/src/h/nios2 -I../MOD_socket_server_bsp//iniche/src/nios2 -I../MOD_socket_server_bsp//UCOSII/inc -I../MOD_socket_server_bsp//HAL/inc -I../MOD_socket_server_bsp/ -I../MOD_socket_server_bsp//drivers/inc -I../MOD_socket_server_bsp  -pipe -D__hal__ -DALT_NO_INSTRUCTION_EMULATION -DALTERA_TRIPLE_SPEED_MAC -DALT_INICHE -D__ucosii__ -DALTERA_AUTONEG_TIMEOUT_THRESHOLD=2500 -DALTERA_CHECKLINK_TIMEOUT_THRESHOLD=10000 -DALTERA_NOMDIO_TIMEOUT_THRESHOLD=1000000    -O0 -g -Wall   -mno-hw-div -mhw-mul -mno-hw-mulx -mgpopt=global  -o obj/default/DELHProtocol.o DELHProtocol.c
In file included from DELHProtocol.h:24,
                 from DELHProtocol.c:22:
../MOD_socket_server_bsp//iniche/src/h/nios2/ipport.h:117: warning: "LITTLE_ENDIAN" redefined
  117 | #define LITTLE_ENDIAN 1234
      | 
In file included from /home/tom/intelFPGA_lite/20.1/nios2eds/bin/gnu/H-x86_64-pc-linux-gnu/nios2-elf/include/sys/types.h:49,
                 from /home/tom/intelFPGA_lite/20.1/nios2eds/bin/gnu/H-x86_64-pc-linux-gnu/nios2-elf/include/stdio.h:61,
                 from DELHProtocol.c:15:
/home/tom/intelFPGA_lite/20.1/nios2eds/bin/gnu/H-x86_64-pc-linux-gnu/nios2-elf/include/machine/endian.h:17: note: this is the location of the previous definition
   17 | #define LITTLE_ENDIAN _LITTLE_ENDIAN
      | 
In file included from DELHProtocol.h:24,
                 from DELHProtocol.c:22:
../MOD_socket_server_bsp//iniche/src/h/nios2/ipport.h:118: warning: "BIG_ENDIAN" redefined
  118 | #define BIG_ENDIAN    4321
      | 
In file included from /home/tom/intelFPGA_lite/20.1/nios2eds/bin/gnu/H-x86_64-pc-linux-gnu/nios2-elf/include/sys/types.h:49,
                 from /home/tom/intelFPGA_lite/20.1/nios2eds/bin/gnu/H-x86_64-pc-linux-gnu/nios2-elf/include/stdio.h:61,
                 from DELHProtocol.c:15:
/home/tom/intelFPGA_lite/20.1/nios2eds/bin/gnu/H-x86_64-pc-linux-gnu/nios2-elf/include/machine/endian.h:18: note: this is the location of the previous definition
   18 | #define BIG_ENDIAN _BIG_ENDIAN
      | 
In file included from DELHProtocol.h:24,
                 from DELHProtocol.c:22:
../MOD_socket_server_bsp//iniche/src/h/nios2/ipport.h:119: warning: "BYTE_ORDER" redefined
  119 | #define BYTE_ORDER    LITTLE_ENDIAN
      | 
In file included from /home/tom/intelFPGA_lite/20.1/nios2eds/bin/gnu/H-x86_64-pc-linux-gnu/nios2-elf/include/sys/types.h:49,
                 from /home/tom/intelFPGA_lite/20.1/nios2eds/bin/gnu/H-x86_64-pc-linux-gnu/nios2-elf/include/stdio.h:61,
                 from DELHProtocol.c:15:
/home/tom/intelFPGA_lite/20.1/nios2eds/bin/gnu/H-x86_64-pc-linux-gnu/nios2-elf/include/machine/endian.h:20: note: this is the location of the previous definition
   20 | #define BYTE_ORDER _BYTE_ORDER
      | 
Info: Compiling InitializePeriph.c to obj/default/InitializePeriph.o
nios2-elf-gcc -xc -MP -MMD -c -I../MOD_socket_server_bsp//drivers/inc -I../MOD_socket_server_bsp//drivers/inc/iniche -I../MOD_socket_server_bsp//iniche/inc -I../MOD_socket_server_bsp//iniche/src/h -I../MOD_socket_server_bsp//iniche/src/h/nios2 -I../MOD_socket_server_bsp//iniche/src/nios2 -I../MOD_socket_server_bsp//UCOSII/inc -I../MOD_socket_server_bsp//HAL/inc -I../MOD_socket_server_bsp/ -I../MOD_socket_server_bsp//drivers/inc -I../MOD_socket_server_bsp  -pipe -D__hal__ -DALT_NO_INSTRUCTION_EMULATION -DALTERA_TRIPLE_SPEED_MAC -DALT_INICHE -D__ucosii__ -DALTERA_AUTONEG_TIMEOUT_THRESHOLD=2500 -DALTERA_CHECKLINK_TIMEOUT_THRESHOLD=10000 -DALTERA_NOMDIO_TIMEOUT_THRESHOLD=1000000    -O0 -g -Wall   -mno-hw-div -mhw-mul -mno-hw-mulx -mgpopt=global  -o obj/default/InitializePeriph.o InitializePeriph.c
In file included from DELHProtocol.h:24,
                 from InitializePeriph.c:20:
../MOD_socket_server_bsp//iniche/src/h/nios2/ipport.h:117: warning: "LITTLE_ENDIAN" redefined
  117 | #define LITTLE_ENDIAN 1234
      | 
In file included from /home/tom/intelFPGA_lite/20.1/nios2eds/bin/gnu/H-x86_64-pc-linux-gnu/nios2-elf/include/sys/types.h:49,
                 from /home/tom/intelFPGA_lite/20.1/nios2eds/bin/gnu/H-x86_64-pc-linux-gnu/nios2-elf/include/stdio.h:61,
                 from InitializePeriph.c:15:
/home/tom/intelFPGA_lite/20.1/nios2eds/bin/gnu/H-x86_64-pc-linux-gnu/nios2-elf/include/machine/endian.h:17: note: this is the location of the previous definition
   17 | #define LITTLE_ENDIAN _LITTLE_ENDIAN
      | 
In file included from DELHProtocol.h:24,
                 from InitializePeriph.c:20:
../MOD_socket_server_bsp//iniche/src/h/nios2/ipport.h:118: warning: "BIG_ENDIAN" redefined
  118 | #define BIG_ENDIAN    4321
      | 
In file included from /home/tom/intelFPGA_lite/20.1/nios2eds/bin/gnu/H-x86_64-pc-linux-gnu/nios2-elf/include/sys/types.h:49,
                 from /home/tom/intelFPGA_lite/20.1/nios2eds/bin/gnu/H-x86_64-pc-linux-gnu/nios2-elf/include/stdio.h:61,
                 from InitializePeriph.c:15:
/home/tom/intelFPGA_lite/20.1/nios2eds/bin/gnu/H-x86_64-pc-linux-gnu/nios2-elf/include/machine/endian.h:18: note: this is the location of the previous definition
   18 | #define BIG_ENDIAN _BIG_ENDIAN
      | 
In file included from DELHProtocol.h:24,
                 from InitializePeriph.c:20:
../MOD_socket_server_bsp//iniche/src/h/nios2/ipport.h:119: warning: "BYTE_ORDER" redefined
  119 | #define BYTE_ORDER    LITTLE_ENDIAN
      | 
In file included from /home/tom/intelFPGA_lite/20.1/nios2eds/bin/gnu/H-x86_64-pc-linux-gnu/nios2-elf/include/sys/types.h:49,
                 from /home/tom/intelFPGA_lite/20.1/nios2eds/bin/gnu/H-x86_64-pc-linux-gnu/nios2-elf/include/stdio.h:61,
                 from InitializePeriph.c:15:
/home/tom/intelFPGA_lite/20.1/nios2eds/bin/gnu/H-x86_64-pc-linux-gnu/nios2-elf/include/machine/endian.h:20: note: this is the location of the previous definition
   20 | #define BYTE_ORDER _BYTE_ORDER
      | 
Info: Compiling alt_error_handler.c to obj/default/alt_error_handler.o
nios2-elf-gcc -xc -MP -MMD -c -I../MOD_socket_server_bsp//drivers/inc -I../MOD_socket_server_bsp//drivers/inc/iniche -I../MOD_socket_server_bsp//iniche/inc -I../MOD_socket_server_bsp//iniche/src/h -I../MOD_socket_server_bsp//iniche/src/h/nios2 -I../MOD_socket_server_bsp//iniche/src/nios2 -I../MOD_socket_server_bsp//UCOSII/inc -I../MOD_socket_server_bsp//HAL/inc -I../MOD_socket_server_bsp/ -I../MOD_socket_server_bsp//drivers/inc -I../MOD_socket_server_bsp  -pipe -D__hal__ -DALT_NO_INSTRUCTION_EMULATION -DALTERA_TRIPLE_SPEED_MAC -DALT_INICHE -D__ucosii__ -DALTERA_AUTONEG_TIMEOUT_THRESHOLD=2500 -DALTERA_CHECKLINK_TIMEOUT_THRESHOLD=10000 -DALTERA_NOMDIO_TIMEOUT_THRESHOLD=1000000    -O0 -g -Wall   -mno-hw-div -mhw-mul -mno-hw-mulx -mgpopt=global  -o obj/default/alt_error_handler.o alt_error_handler.c
Info: Compiling iniche_init.c to obj/default/iniche_init.o
nios2-elf-gcc -xc -MP -MMD -c -I../MOD_socket_server_bsp//drivers/inc -I../MOD_socket_server_bsp//drivers/inc/iniche -I../MOD_socket_server_bsp//iniche/inc -I../MOD_socket_server_bsp//iniche/src/h -I../MOD_socket_server_bsp//iniche/src/h/nios2 -I../MOD_socket_server_bsp//iniche/src/nios2 -I../MOD_socket_server_bsp//UCOSII/inc -I../MOD_socket_server_bsp//HAL/inc -I../MOD_socket_server_bsp/ -I../MOD_socket_server_bsp//drivers/inc -I../MOD_socket_server_bsp  -pipe -D__hal__ -DALT_NO_INSTRUCTION_EMULATION -DALTERA_TRIPLE_SPEED_MAC -DALT_INICHE -D__ucosii__ -DALTERA_AUTONEG_TIMEOUT_THRESHOLD=2500 -DALTERA_CHECKLINK_TIMEOUT_THRESHOLD=10000 -DALTERA_NOMDIO_TIMEOUT_THRESHOLD=1000000    -O0 -g -Wall   -mno-hw-div -mhw-mul -mno-hw-mulx -mgpopt=global  -o obj/default/iniche_init.o iniche_init.c
In file included from iniche_init.c:34:
../MOD_socket_server_bsp//iniche/src/h/nios2/ipport.h:117: warning: "LITTLE_ENDIAN" redefined
  117 | #define LITTLE_ENDIAN 1234
      | 
In file included from /home/tom/intelFPGA_lite/20.1/nios2eds/bin/gnu/H-x86_64-pc-linux-gnu/nios2-elf/include/sys/types.h:49,
                 from /home/tom/intelFPGA_lite/20.1/nios2eds/bin/gnu/H-x86_64-pc-linux-gnu/nios2-elf/include/stdio.h:61,
                 from iniche_init.c:24:
/home/tom/intelFPGA_lite/20.1/nios2eds/bin/gnu/H-x86_64-pc-linux-gnu/nios2-elf/include/machine/endian.h:17: note: this is the location of the previous definition
   17 | #define LITTLE_ENDIAN _LITTLE_ENDIAN
      | 
In file included from iniche_init.c:34:
../MOD_socket_server_bsp//iniche/src/h/nios2/ipport.h:118: warning: "BIG_ENDIAN" redefined
  118 | #define BIG_ENDIAN    4321
      | 
In file included from /home/tom/intelFPGA_lite/20.1/nios2eds/bin/gnu/H-x86_64-pc-linux-gnu/nios2-elf/include/sys/types.h:49,
                 from /home/tom/intelFPGA_lite/20.1/nios2eds/bin/gnu/H-x86_64-pc-linux-gnu/nios2-elf/include/stdio.h:61,
                 from iniche_init.c:24:
/home/tom/intelFPGA_lite/20.1/nios2eds/bin/gnu/H-x86_64-pc-linux-gnu/nios2-elf/include/machine/endian.h:18: note: this is the location of the previous definition
   18 | #define BIG_ENDIAN _BIG_ENDIAN
      | 
In file included from iniche_init.c:34:
../MOD_socket_server_bsp//iniche/src/h/nios2/ipport.h:119: warning: "BYTE_ORDER" redefined
  119 | #define BYTE_ORDER    LITTLE_ENDIAN
      | 
In file included from /home/tom/intelFPGA_lite/20.1/nios2eds/bin/gnu/H-x86_64-pc-linux-gnu/nios2-elf/include/sys/types.h:49,
                 from /home/tom/intelFPGA_lite/20.1/nios2eds/bin/gnu/H-x86_64-pc-linux-gnu/nios2-elf/include/stdio.h:61,
                 from iniche_init.c:24:
/home/tom/intelFPGA_lite/20.1/nios2eds/bin/gnu/H-x86_64-pc-linux-gnu/nios2-elf/include/machine/endian.h:20: note: this is the location of the previous definition
   20 | #define BYTE_ORDER _BYTE_ORDER
      | 
Info: Compiling led.c to obj/default/led.o
nios2-elf-gcc -xc -MP -MMD -c -I../MOD_socket_server_bsp//drivers/inc -I../MOD_socket_server_bsp//drivers/inc/iniche -I../MOD_socket_server_bsp//iniche/inc -I../MOD_socket_server_bsp//iniche/src/h -I../MOD_socket_server_bsp//iniche/src/h/nios2 -I../MOD_socket_server_bsp//iniche/src/nios2 -I../MOD_socket_server_bsp//UCOSII/inc -I../MOD_socket_server_bsp//HAL/inc -I../MOD_socket_server_bsp/ -I../MOD_socket_server_bsp//drivers/inc -I../MOD_socket_server_bsp  -pipe -D__hal__ -DALT_NO_INSTRUCTION_EMULATION -DALTERA_TRIPLE_SPEED_MAC -DALT_INICHE -D__ucosii__ -DALTERA_AUTONEG_TIMEOUT_THRESHOLD=2500 -DALTERA_CHECKLINK_TIMEOUT_THRESHOLD=10000 -DALTERA_NOMDIO_TIMEOUT_THRESHOLD=1000000    -O0 -g -Wall   -mno-hw-div -mhw-mul -mno-hw-mulx -mgpopt=global  -o obj/default/led.o led.c
Info: Compiling network_utilities.c to obj/default/network_utilities.o
nios2-elf-gcc -xc -MP -MMD -c -I../MOD_socket_server_bsp//drivers/inc -I../MOD_socket_server_bsp//drivers/inc/iniche -I../MOD_socket_server_bsp//iniche/inc -I../MOD_socket_server_bsp//iniche/src/h -I../MOD_socket_server_bsp//iniche/src/h/nios2 -I../MOD_socket_server_bsp//iniche/src/nios2 -I../MOD_socket_server_bsp//UCOSII/inc -I../MOD_socket_server_bsp//HAL/inc -I../MOD_socket_server_bsp/ -I../MOD_socket_server_bsp//drivers/inc -I../MOD_socket_server_bsp  -pipe -D__hal__ -DALT_NO_INSTRUCTION_EMULATION -DALTERA_TRIPLE_SPEED_MAC -DALT_INICHE -D__ucosii__ -DALTERA_AUTONEG_TIMEOUT_THRESHOLD=2500 -DALTERA_CHECKLINK_TIMEOUT_THRESHOLD=10000 -DALTERA_NOMDIO_TIMEOUT_THRESHOLD=1000000    -O0 -g -Wall   -mno-hw-div -mhw-mul -mno-hw-mulx -mgpopt=global  -o obj/default/network_utilities.o network_utilities.c
In file included from ../MOD_socket_server_bsp//iniche/inc/alt_iniche_dev.h:57,
                 from network_utilities.c:21:
../MOD_socket_server_bsp//iniche/src/h/nios2/ipport.h:117: warning: "LITTLE_ENDIAN" redefined
  117 | #define LITTLE_ENDIAN 1234
      | 
In file included from /home/tom/intelFPGA_lite/20.1/nios2eds/bin/gnu/H-x86_64-pc-linux-gnu/nios2-elf/include/sys/types.h:49,
                 from /home/tom/intelFPGA_lite/20.1/nios2eds/bin/gnu/H-x86_64-pc-linux-gnu/nios2-elf/include/stdio.h:61,
                 from network_utilities.c:14:
/home/tom/intelFPGA_lite/20.1/nios2eds/bin/gnu/H-x86_64-pc-linux-gnu/nios2-elf/include/machine/endian.h:17: note: this is the location of the previous definition
   17 | #define LITTLE_ENDIAN _LITTLE_ENDIAN
      | 
In file included from ../MOD_socket_server_bsp//iniche/inc/alt_iniche_dev.h:57,
                 from network_utilities.c:21:
../MOD_socket_server_bsp//iniche/src/h/nios2/ipport.h:118: warning: "BIG_ENDIAN" redefined
  118 | #define BIG_ENDIAN    4321
      | 
In file included from /home/tom/intelFPGA_lite/20.1/nios2eds/bin/gnu/H-x86_64-pc-linux-gnu/nios2-elf/include/sys/types.h:49,
                 from /home/tom/intelFPGA_lite/20.1/nios2eds/bin/gnu/H-x86_64-pc-linux-gnu/nios2-elf/include/stdio.h:61,
                 from network_utilities.c:14:
/home/tom/intelFPGA_lite/20.1/nios2eds/bin/gnu/H-x86_64-pc-linux-gnu/nios2-elf/include/machine/endian.h:18: note: this is the location of the previous definition
   18 | #define BIG_ENDIAN _BIG_ENDIAN
      | 
In file included from ../MOD_socket_server_bsp//iniche/inc/alt_iniche_dev.h:57,
                 from network_utilities.c:21:
../MOD_socket_server_bsp//iniche/src/h/nios2/ipport.h:119: warning: "BYTE_ORDER" redefined
  119 | #define BYTE_ORDER    LITTLE_ENDIAN
      | 
In file included from /home/tom/intelFPGA_lite/20.1/nios2eds/bin/gnu/H-x86_64-pc-linux-gnu/nios2-elf/include/sys/types.h:49,
                 from /home/tom/intelFPGA_lite/20.1/nios2eds/bin/gnu/H-x86_64-pc-linux-gnu/nios2-elf/include/stdio.h:61,
                 from network_utilities.c:14:
/home/tom/intelFPGA_lite/20.1/nios2eds/bin/gnu/H-x86_64-pc-linux-gnu/nios2-elf/include/machine/endian.h:20: note: this is the location of the previous definition
   20 | #define BYTE_ORDER _BYTE_ORDER
      | 
In file included from network_utilities.c:12:
network_utilities.c: In function 'get_serial_number':
network_utilities.c:133:38: warning: array subscript has type 'char' [-Wchar-subscripts]
  133 |             if (isdigit(serial_number[i]))
      |                         ~~~~~~~~~~~~~^~~
Info: Compiling simple_socket_server.c to obj/default/simple_socket_server.o
nios2-elf-gcc -xc -MP -MMD -c -I../MOD_socket_server_bsp//drivers/inc -I../MOD_socket_server_bsp//drivers/inc/iniche -I../MOD_socket_server_bsp//iniche/inc -I../MOD_socket_server_bsp//iniche/src/h -I../MOD_socket_server_bsp//iniche/src/h/nios2 -I../MOD_socket_server_bsp//iniche/src/nios2 -I../MOD_socket_server_bsp//UCOSII/inc -I../MOD_socket_server_bsp//HAL/inc -I../MOD_socket_server_bsp/ -I../MOD_socket_server_bsp//drivers/inc -I../MOD_socket_server_bsp  -pipe -D__hal__ -DALT_NO_INSTRUCTION_EMULATION -DALTERA_TRIPLE_SPEED_MAC -DALT_INICHE -D__ucosii__ -DALTERA_AUTONEG_TIMEOUT_THRESHOLD=2500 -DALTERA_CHECKLINK_TIMEOUT_THRESHOLD=10000 -DALTERA_NOMDIO_TIMEOUT_THRESHOLD=1000000    -O0 -g -Wall   -mno-hw-div -mhw-mul -mno-hw-mulx -mgpopt=global  -o obj/default/simple_socket_server.o simple_socket_server.c
In file included from simple_socket_server.c:45:
../MOD_socket_server_bsp//iniche/src/h/nios2/ipport.h:117: warning: "LITTLE_ENDIAN" redefined
  117 | #define LITTLE_ENDIAN 1234
      | 
In file included from /home/tom/intelFPGA_lite/20.1/nios2eds/bin/gnu/H-x86_64-pc-linux-gnu/nios2-elf/include/sys/types.h:49,
                 from /home/tom/intelFPGA_lite/20.1/nios2eds/bin/gnu/H-x86_64-pc-linux-gnu/nios2-elf/include/stdio.h:61,
                 from simple_socket_server.c:33:
/home/tom/intelFPGA_lite/20.1/nios2eds/bin/gnu/H-x86_64-pc-linux-gnu/nios2-elf/include/machine/endian.h:17: note: this is the location of the previous definition
   17 | #define LITTLE_ENDIAN _LITTLE_ENDIAN
      | 
In file included from simple_socket_server.c:45:
../MOD_socket_server_bsp//iniche/src/h/nios2/ipport.h:118: warning: "BIG_ENDIAN" redefined
  118 | #define BIG_ENDIAN    4321
      | 
In file included from /home/tom/intelFPGA_lite/20.1/nios2eds/bin/gnu/H-x86_64-pc-linux-gnu/nios2-elf/include/sys/types.h:49,
                 from /home/tom/intelFPGA_lite/20.1/nios2eds/bin/gnu/H-x86_64-pc-linux-gnu/nios2-elf/include/stdio.h:61,
                 from simple_socket_server.c:33:
/home/tom/intelFPGA_lite/20.1/nios2eds/bin/gnu/H-x86_64-pc-linux-gnu/nios2-elf/include/machine/endian.h:18: note: this is the location of the previous definition
   18 | #define BIG_ENDIAN _BIG_ENDIAN
      | 
In file included from simple_socket_server.c:45:
../MOD_socket_server_bsp//iniche/src/h/nios2/ipport.h:119: warning: "BYTE_ORDER" redefined
  119 | #define BYTE_ORDER    LITTLE_ENDIAN
      | 
In file included from /home/tom/intelFPGA_lite/20.1/nios2eds/bin/gnu/H-x86_64-pc-linux-gnu/nios2-elf/include/sys/types.h:49,
                 from /home/tom/intelFPGA_lite/20.1/nios2eds/bin/gnu/H-x86_64-pc-linux-gnu/nios2-elf/include/stdio.h:61,
                 from simple_socket_server.c:33:
/home/tom/intelFPGA_lite/20.1/nios2eds/bin/gnu/H-x86_64-pc-linux-gnu/nios2-elf/include/machine/endian.h:20: note: this is the location of the previous definition
   20 | #define BYTE_ORDER _BYTE_ORDER
      | 
Info: Compiling tse_my_system.c to obj/default/tse_my_system.o
nios2-elf-gcc -xc -MP -MMD -c -I../MOD_socket_server_bsp//drivers/inc -I../MOD_socket_server_bsp//drivers/inc/iniche -I../MOD_socket_server_bsp//iniche/inc -I../MOD_socket_server_bsp//iniche/src/h -I../MOD_socket_server_bsp//iniche/src/h/nios2 -I../MOD_socket_server_bsp//iniche/src/nios2 -I../MOD_socket_server_bsp//UCOSII/inc -I../MOD_socket_server_bsp//HAL/inc -I../MOD_socket_server_bsp/ -I../MOD_socket_server_bsp//drivers/inc -I../MOD_socket_server_bsp  -pipe -D__hal__ -DALT_NO_INSTRUCTION_EMULATION -DALTERA_TRIPLE_SPEED_MAC -DALT_INICHE -D__ucosii__ -DALTERA_AUTONEG_TIMEOUT_THRESHOLD=2500 -DALTERA_CHECKLINK_TIMEOUT_THRESHOLD=10000 -DALTERA_NOMDIO_TIMEOUT_THRESHOLD=1000000    -O0 -g -Wall   -mno-hw-div -mhw-mul -mno-hw-mulx -mgpopt=global  -o obj/default/tse_my_system.o tse_my_system.c
In file included from tse_my_system.c:2:
../MOD_socket_server_bsp//iniche/src/h/nios2/ipport.h:117: warning: "LITTLE_ENDIAN" redefined
  117 | #define LITTLE_ENDIAN 1234
      | 
In file included from /home/tom/intelFPGA_lite/20.1/nios2eds/bin/gnu/H-x86_64-pc-linux-gnu/nios2-elf/include/sys/types.h:49,
                 from /home/tom/intelFPGA_lite/20.1/nios2eds/bin/gnu/H-x86_64-pc-linux-gnu/nios2-elf/include/stdio.h:61,
                 from ../MOD_socket_server_bsp//iniche/src/h/nios2/ipport.h:51,
                 from tse_my_system.c:2:
/home/tom/intelFPGA_lite/20.1/nios2eds/bin/gnu/H-x86_64-pc-linux-gnu/nios2-elf/include/machine/endian.h:17: note: this is the location of the previous definition
   17 | #define LITTLE_ENDIAN _LITTLE_ENDIAN
      | 
In file included from tse_my_system.c:2:
../MOD_socket_server_bsp//iniche/src/h/nios2/ipport.h:118: warning: "BIG_ENDIAN" redefined
  118 | #define BIG_ENDIAN    4321
      | 
In file included from /home/tom/intelFPGA_lite/20.1/nios2eds/bin/gnu/H-x86_64-pc-linux-gnu/nios2-elf/include/sys/types.h:49,
                 from /home/tom/intelFPGA_lite/20.1/nios2eds/bin/gnu/H-x86_64-pc-linux-gnu/nios2-elf/include/stdio.h:61,
                 from ../MOD_socket_server_bsp//iniche/src/h/nios2/ipport.h:51,
                 from tse_my_system.c:2:
/home/tom/intelFPGA_lite/20.1/nios2eds/bin/gnu/H-x86_64-pc-linux-gnu/nios2-elf/include/machine/endian.h:18: note: this is the location of the previous definition
   18 | #define BIG_ENDIAN _BIG_ENDIAN
      | 
In file included from tse_my_system.c:2:
../MOD_socket_server_bsp//iniche/src/h/nios2/ipport.h:119: warning: "BYTE_ORDER" redefined
  119 | #define BYTE_ORDER    LITTLE_ENDIAN
      | 
In file included from /home/tom/intelFPGA_lite/20.1/nios2eds/bin/gnu/H-x86_64-pc-linux-gnu/nios2-elf/include/sys/types.h:49,
                 from /home/tom/intelFPGA_lite/20.1/nios2eds/bin/gnu/H-x86_64-pc-linux-gnu/nios2-elf/include/stdio.h:61,
                 from ../MOD_socket_server_bsp//iniche/src/h/nios2/ipport.h:51,
                 from tse_my_system.c:2:
/home/tom/intelFPGA_lite/20.1/nios2eds/bin/gnu/H-x86_64-pc-linux-gnu/nios2-elf/include/machine/endian.h:20: note: this is the location of the previous definition
   20 | #define BYTE_ORDER _BYTE_ORDER
      | 
Info: Linking MOD_socket_server.elf
nios2-elf-g++  -T'../MOD_socket_server_bsp//linker.x' -msys-crt0='../MOD_socket_server_bsp//obj/HAL/src/crt0.o' -msys-lib=ucosii_bsp -L../MOD_socket_server_bsp/ -L../MOD_socket_server_bsp   -Wl,-Map=MOD_socket_server.map   -O0 -g -Wall   -mno-hw-div -mhw-mul -mno-hw-mulx -mgpopt=global  -o MOD_socket_server.elf obj/default/ClockModInit.o obj/default/DELHProtocol.o obj/default/InitializePeriph.o obj/default/alt_error_handler.o obj/default/iniche_init.o obj/default/led.o obj/default/network_utilities.o obj/default/simple_socket_server.o obj/default/tse_my_system.o -lm -msys-lib=m
nios2-elf-insert MOD_socket_server.elf --thread_model ucosii --cpu_name cpu --qsys true --simulation_enabled false --id 4207856382 --sidp 0x18003798 --timestamp 1678390906 --stderr_dev jtag_uart --stdin_dev jtag_uart --stdout_dev jtag_uart --sopc_system_name q_sys --quartus_project_dir "/home/tom/TSDR-Dev-1B/devkit_simple_socket_server-17_project" --jdi ../..//output_files/top.jdi --sopcinfo /home/tom/TSDR-Dev-1B/devkit_simple_socket_server-17_project/software/MOD_socket_server_bsp/../../q_sys.sopcinfo
Info: (MOD_socket_server.elf) 389 KBytes program size (code + initialized data).
Info:                         130682 KBytes free for stack + heap.
Info: Creating MOD_socket_server.objdump
nios2-elf-objdump --disassemble --syms --all-header --source MOD_socket_server.elf >MOD_socket_server.objdump
[MOD_socket_server build complete]

16:35:25 Build Finished (took 1s.667ms)

